[debug] [2024-05-28T11:15:56.461Z] ----------------------------------------------------------------------
[debug] [2024-05-28T11:15:56.474Z] Command:       C:\Program Files\nodejs\node.exe C:\Users\hp\AppData\Roaming\npm\node_modules\firebase-tools\lib\bin\firebase.js emulators:start --only functions
[debug] [2024-05-28T11:15:56.475Z] CLI Version:   13.10.1
[debug] [2024-05-28T11:15:56.475Z] Platform:      win32
[debug] [2024-05-28T11:15:56.476Z] Node Version:  v20.11.1
[debug] [2024-05-28T11:15:56.476Z] Time:          Tue May 28 2024 14:15:56 GMT+0300 (East Africa Time)
[debug] [2024-05-28T11:15:56.476Z] ----------------------------------------------------------------------
[debug] 
[debug] [2024-05-28T11:15:56.766Z] > command requires scopes: ["email","openid","https://www.googleapis.com/auth/cloudplatformprojects.readonly","https://www.googleapis.com/auth/firebase","https://www.googleapis.com/auth/cloud-platform"]
[debug] [2024-05-28T11:15:56.767Z] > authorizing via signed-in user (helinaaalemu@gmail.com)
[info] i  emulators: Starting emulators: functions {"metadata":{"emulator":{"name":"hub"},"message":"Starting emulators: functions"}}
[debug] [2024-05-28T11:15:56.799Z] [logging] Logging Emulator only supports listening on one address (127.0.0.1). Not listening on ::1
[debug] [2024-05-28T11:15:56.800Z] assigned listening specs for emulators {"user":{"hub":[{"address":"127.0.0.1","family":"IPv4","port":4400},{"address":"::1","family":"IPv6","port":4400}],"ui":[{"address":"127.0.0.1","family":"IPv4","port":4000},{"address":"::1","family":"IPv6","port":4000}],"logging":[{"address":"127.0.0.1","family":"IPv4","port":4500}]},"metadata":{"message":"assigned listening specs for emulators"}}
[debug] [2024-05-28T11:15:56.826Z] [hub] writing locator at C:\Users\hp\AppData\Local\Temp\hub-clone-d14cc.json
[debug] [2024-05-28T11:15:56.874Z] [functions] Functions Emulator only supports listening on one address (127.0.0.1). Not listening on ::1
[debug] [2024-05-28T11:15:56.875Z] [eventarc] Eventarc Emulator only supports listening on one address (127.0.0.1). Not listening on ::1
[debug] [2024-05-28T11:15:56.875Z] late-assigned ports for functions and eventarc emulators {"user":{"hub":[{"address":"127.0.0.1","family":"IPv4","port":4400},{"address":"::1","family":"IPv6","port":4400}],"ui":[{"address":"127.0.0.1","family":"IPv4","port":4000},{"address":"::1","family":"IPv6","port":4000}],"logging":[{"address":"127.0.0.1","family":"IPv4","port":4500}],"functions":[{"address":"127.0.0.1","family":"IPv4","port":5001}],"eventarc":[{"address":"127.0.0.1","family":"IPv4","port":9299}]},"metadata":{"message":"late-assigned ports for functions and eventarc emulators"}}
[warn] !  functions: The following emulators are not running, calls to these services from the Functions emulator will affect production: auth, firestore, database, hosting, pubsub, storage, dataconnect {"metadata":{"emulator":{"name":"functions"},"message":"The following emulators are not running, calls to these services from the Functions emulator will affect production: \u001b[1mauth, firestore, database, hosting, pubsub, storage, dataconnect\u001b[22m"}}
[debug] [2024-05-28T11:15:56.882Z] defaultcredentials: writing to file C:\Users\hp\AppData\Roaming\firebase\helinaaalemu_gmail_com_application_default_credentials.json
[debug] [2024-05-28T11:15:56.888Z] Setting GAC to C:\Users\hp\AppData\Roaming\firebase\helinaaalemu_gmail_com_application_default_credentials.json {"metadata":{"emulator":{"name":"functions"},"message":"Setting GAC to C:\\Users\\hp\\AppData\\Roaming\\firebase\\helinaaalemu_gmail_com_application_default_credentials.json"}}
[debug] [2024-05-28T11:15:56.892Z] >>> [apiv2][query] GET https://firebase.googleapis.com/v1beta1/projects/clone-d14cc/adminSdkConfig [none]
[debug] [2024-05-28T11:15:57.733Z] <<< [apiv2][status] GET https://firebase.googleapis.com/v1beta1/projects/clone-d14cc/adminSdkConfig 200
[debug] [2024-05-28T11:15:57.733Z] <<< [apiv2][body] GET https://firebase.googleapis.com/v1beta1/projects/clone-d14cc/adminSdkConfig {"projectId":"clone-d14cc","storageBucket":"clone-d14cc.appspot.com"}
[debug] [2024-05-28T11:15:57.905Z] Ignoring unsupported arg: auto_download {"metadata":{"emulator":{"name":"ui"},"message":"Ignoring unsupported arg: auto_download"}}
[debug] [2024-05-28T11:15:57.906Z] Ignoring unsupported arg: port {"metadata":{"emulator":{"name":"ui"},"message":"Ignoring unsupported arg: port"}}
[debug] [2024-05-28T11:15:57.906Z] Starting Emulator UI with command {"binary":"node","args":["C:\\Users\\hp\\.cache\\firebase\\emulators\\ui-v1.12.1\\server\\server.mjs"],"optionalArgs":[],"joinArgs":false,"shell":false} {"metadata":{"emulator":{"name":"ui"},"message":"Starting Emulator UI with command {\"binary\":\"node\",\"args\":[\"C:\\\\Users\\\\hp\\\\.cache\\\\firebase\\\\emulators\\\\ui-v1.12.1\\\\server\\\\server.mjs\"],\"optionalArgs\":[],\"joinArgs\":false,\"shell\":false}"}}
[info] i  ui: Emulator UI logging to ui-debug.log {"metadata":{"emulator":{"name":"ui"},"message":"Emulator UI logging to \u001b[1mui-debug.log\u001b[22m"}}
[debug] [2024-05-28T11:15:58.251Z] Web / API server started at 127.0.0.1:4000
 {"metadata":{"emulator":{"name":"ui"},"message":"Web / API server started at 127.0.0.1:4000\n"}}
[debug] [2024-05-28T11:15:58.252Z] Web / API server started at ::1:4000
 {"metadata":{"emulator":{"name":"ui"},"message":"Web / API server started at ::1:4000\n"}}
[info] i  functions: Watching "C:\Users\hp\Desktop\Evangadi\phase 4\Amazon Clone\amazone-clone\functions" for Cloud Functions... {"metadata":{"emulator":{"name":"functions"},"message":"Watching \"C:\\Users\\hp\\Desktop\\Evangadi\\phase 4\\Amazon Clone\\amazone-clone\\functions\" for Cloud Functions..."}}
[debug] [2024-05-28T11:15:58.413Z] Validating nodejs source
[debug] [2024-05-28T11:16:08.606Z] checkFunctionsSDKVersion was unable to fetch information from NPM Error: spawnSync C:\Windows\system32\cmd.exe ETIMEDOUT
    at Object.spawnSync (node:internal/child_process:1124:20)
    at Object.spawnSync (node:child_process:876:24)
    at Function.spawnSync [as sync] (C:\Users\hp\AppData\Roaming\npm\node_modules\firebase-tools\node_modules\cross-spawn\index.js:26:23)
    at Object.getLatestSDKVersion (C:\Users\hp\AppData\Roaming\npm\node_modules\firebase-tools\lib\deploy\functions\runtimes\node\versioning.js:54:25)
    at Object.checkFunctionsSDKVersion (C:\Users\hp\AppData\Roaming\npm\node_modules\firebase-tools\lib\deploy\functions\runtimes\node\versioning.js:74:32)
    at Delegate.validate (C:\Users\hp\AppData\Roaming\npm\node_modules\firebase-tools\lib\deploy\functions\runtimes\node\index.js:85:20)
    at FunctionsEmulator.discoverTriggers (C:\Users\hp\AppData\Roaming\npm\node_modules\firebase-tools\lib\emulator\functionsEmulator.js:301:35)
    at async FunctionsEmulator.loadTriggers (C:\Users\hp\AppData\Roaming\npm\node_modules\firebase-tools\lib\emulator\functionsEmulator.js:330:34)
    at async FunctionsEmulator.connect (C:\Users\hp\AppData\Roaming\npm\node_modules\firebase-tools\lib\emulator\functionsEmulator.js:267:13)
    at async Object.startAll (C:\Users\hp\AppData\Roaming\npm\node_modules\firebase-tools\lib\emulator\controller.js:594:13)
[debug] [2024-05-28T11:16:08.612Z] > [functions] package.json contents: {
  "name": "functions",
  "description": "Cloud Functions for Firebase",
  "scripts": {
    "serve": "firebase emulators:start --only functions",
    "shell": "firebase functions:shell",
    "start": "npm run shell",
    "deploy": "firebase deploy --only functions",
    "logs": "firebase functions:log"
  },
  "engines": {
    "node": "18"
  },
  "main": "index.js",
  "dependencies": {
    "cors": "^2.8.5",
    "dotenv": "^16.4.5",
    "express": "^4.19.2",
    "firebase-admin": "^12.1.0",
    "firebase-functions": "^5.0.0",
    "stripe": "^15.8.0"
  },
  "devDependencies": {
    "firebase-functions-test": "^3.1.0"
  },
  "private": true
}
[debug] [2024-05-28T11:16:08.614Z] Building nodejs source
[debug] [2024-05-28T11:16:08.618Z] Failed to find version of module node: reached end of search path C:\Users\hp\Desktop\Evangadi\phase 4\Amazon Clone\amazone-clone\functions\node_modules
[warn] !  functions: Your requested "node" version "18" doesn't match your global version "20". Using node@20 from host. 
[info] i  functions: Loaded environment variables from .env. 
[debug] [2024-05-28T11:16:08.675Z] Could not find functions.yaml. Must use http discovery
[debug] [2024-05-28T11:16:08.808Z] Found firebase-functions binary at 'C:\Users\hp\Desktop\Evangadi\phase 4\Amazon Clone\amazone-clone\functions\node_modules\.bin\firebase-functions'
[info] Serving at port 8092

[debug] [2024-05-28T11:16:10.194Z] Got response from /__/functions.yaml {"endpoints":{"api":{"availableMemoryMb":null,"timeoutSeconds":null,"minInstances":null,"maxInstances":null,"ingressSettings":null,"concurrency":null,"serviceAccountEmail":null,"vpc":null,"platform":"gcfv2","labels":{},"httpsTrigger":{},"entryPoint":"api"}},"specVersion":"v1alpha1","requiredAPIs":[]}
[info] +  functions: Loaded functions definitions from source: api. {"metadata":{"emulator":{"name":"functions"},"message":"Loaded functions definitions from source: api."}}
[info] +  functions[us-central1-api]: http function initialized (http://127.0.0.1:5001/clone-d14cc/us-central1/api). {"metadata":{"emulator":{"name":"functions"},"message":"\u001b[1mhttp\u001b[22m function initialized (http://127.0.0.1:5001/clone-d14cc/us-central1/api)."}}
[info] 
┌─────────────────────────────────────────────────────────────┐
│ ✔  All emulators ready! It is now safe to connect your app. │
│ i  View Emulator UI at http://127.0.0.1:4000/               │
└─────────────────────────────────────────────────────────────┘

┌───────────┬────────────────┬─────────────────────────────────┐
│ Emulator  │ Host:Port      │ View in Emulator UI             │
├───────────┼────────────────┼─────────────────────────────────┤
│ Functions │ 127.0.0.1:5001 │ http://127.0.0.1:4000/functions │
└───────────┴────────────────┴─────────────────────────────────┘
  Emulator Hub running at 127.0.0.1:4400
  Other reserved ports: 4500

Issues? Report them at https://github.com/firebase/firebase-tools/issues and attach the *-debug.log files.
 
[debug] [2024-05-28T11:18:01.760Z] [work-queue] {"queuedWork":["/clone-d14cc/us-central1/api/payment/create-2024-05-28T11:18:01.759Z"],"queueLength":1,"runningWork":[],"workRunningCount":0}
[debug] [2024-05-28T11:18:01.764Z] [work-queue] {"queuedWork":[],"queueLength":0,"runningWork":["/clone-d14cc/us-central1/api/payment/create-2024-05-28T11:18:01.759Z"],"workRunningCount":1}
[debug] [2024-05-28T11:18:01.767Z] Accepted request POST /clone-d14cc/us-central1/api/payment/create?total=3198 --> us-central1-api
[debug] [2024-05-28T11:18:01.784Z] [functions] Runtime ready! Sending request! {"metadata":{"emulator":{"name":"functions"},"message":"[functions] Runtime ready! Sending request!"}}
[debug] [2024-05-28T11:18:01.788Z] [functions] Got req.url=/clone-d14cc/us-central1/api/payment/create?total=3198, mapping to path=/payment/create?total=3198 {"metadata":{"emulator":{"name":"functions"},"message":"[functions] Got req.url=/clone-d14cc/us-central1/api/payment/create?total=3198, mapping to path=/payment/create?total=3198"}}
[info] i  functions: Loaded environment variables from .env. 
[debug] [2024-05-28T11:18:01.907Z] [worker-pool] addWorker(us-central1-api) {"metadata":{"emulator":{"name":"functions"},"message":"[worker-pool] addWorker(us-central1-api)"}}
[debug] [2024-05-28T11:18:01.909Z] [worker-pool] Adding worker with key us-central1-api, total=1 {"metadata":{"emulator":{"name":"functions"},"message":"[worker-pool] Adding worker with key us-central1-api, total=1"}}
[debug] [2024-05-28T11:18:05.600Z] [runtime-status] [3768] Resolved module firebase-admin {"declared":true,"installed":true,"version":"12.1.1","resolution":"C:\\Users\\hp\\Desktop\\Evangadi\\phase 4\\Amazon Clone\\amazone-clone\\functions\\node_modules\\firebase-admin\\lib\\index.js"} {"metadata":{"emulator":{"name":"functions"},"function":{"name":"us-central1-api"},"extension":{},"message":"[runtime-status] [3768] Resolved module firebase-admin {\"declared\":true,\"installed\":true,\"version\":\"12.1.1\",\"resolution\":\"C:\\\\Users\\\\hp\\\\Desktop\\\\Evangadi\\\\phase 4\\\\Amazon Clone\\\\amazone-clone\\\\functions\\\\node_modules\\\\firebase-admin\\\\lib\\\\index.js\"}"}}
[debug] [2024-05-28T11:18:05.614Z] [runtime-status] [3768] Resolved module firebase-functions {"declared":true,"installed":true,"version":"5.0.1","resolution":"C:\\Users\\hp\\Desktop\\Evangadi\\phase 4\\Amazon Clone\\amazone-clone\\functions\\node_modules\\firebase-functions\\lib\\v1\\index.js"} {"metadata":{"emulator":{"name":"functions"},"function":{"name":"us-central1-api"},"extension":{},"message":"[runtime-status] [3768] Resolved module firebase-functions {\"declared\":true,\"installed\":true,\"version\":\"5.0.1\",\"resolution\":\"C:\\\\Users\\\\hp\\\\Desktop\\\\Evangadi\\\\phase 4\\\\Amazon Clone\\\\amazone-clone\\\\functions\\\\node_modules\\\\firebase-functions\\\\lib\\\\v1\\\\index.js\"}"}}
[debug] [2024-05-28T11:18:05.616Z] [runtime-status] [3768] Outgoing network have been stubbed. [{"name":"http","status":"mocked"},{"name":"http","status":"mocked"},{"name":"https","status":"mocked"},{"name":"https","status":"mocked"},{"name":"net","status":"mocked"}] {"metadata":{"emulator":{"name":"functions"},"function":{"name":"us-central1-api"},"extension":{},"message":"[runtime-status] [3768] Outgoing network have been stubbed. [{\"name\":\"http\",\"status\":\"mocked\"},{\"name\":\"http\",\"status\":\"mocked\"},{\"name\":\"https\",\"status\":\"mocked\"},{\"name\":\"https\",\"status\":\"mocked\"},{\"name\":\"net\",\"status\":\"mocked\"}]"}}
[debug] [2024-05-28T11:18:05.620Z] [runtime-status] [3768] Resolved module firebase-functions {"declared":true,"installed":true,"version":"5.0.1","resolution":"C:\\Users\\hp\\Desktop\\Evangadi\\phase 4\\Amazon Clone\\amazone-clone\\functions\\node_modules\\firebase-functions\\lib\\v1\\index.js"} {"metadata":{"emulator":{"name":"functions"},"function":{"name":"us-central1-api"},"extension":{},"message":"[runtime-status] [3768] Resolved module firebase-functions {\"declared\":true,\"installed\":true,\"version\":\"5.0.1\",\"resolution\":\"C:\\\\Users\\\\hp\\\\Desktop\\\\Evangadi\\\\phase 4\\\\Amazon Clone\\\\amazone-clone\\\\functions\\\\node_modules\\\\firebase-functions\\\\lib\\\\v1\\\\index.js\"}"}}
[debug] [2024-05-28T11:18:10.863Z] [runtime-status] [3768] Checked functions.config() {"config":{}} {"metadata":{"emulator":{"name":"functions"},"function":{"name":"us-central1-api"},"extension":{},"message":"[runtime-status] [3768] Checked functions.config() {\"config\":{}}"}}
[debug] [2024-05-28T11:18:10.866Z] [runtime-status] [3768] firebase-functions has been stubbed. {"functionsResolution":{"declared":true,"installed":true,"version":"5.0.1","resolution":"C:\\Users\\hp\\Desktop\\Evangadi\\phase 4\\Amazon Clone\\amazone-clone\\functions\\node_modules\\firebase-functions\\lib\\v1\\index.js"}} {"metadata":{"emulator":{"name":"functions"},"function":{"name":"us-central1-api"},"extension":{},"message":"[runtime-status] [3768] firebase-functions has been stubbed. {\"functionsResolution\":{\"declared\":true,\"installed\":true,\"version\":\"5.0.1\",\"resolution\":\"C:\\\\Users\\\\hp\\\\Desktop\\\\Evangadi\\\\phase 4\\\\Amazon Clone\\\\amazone-clone\\\\functions\\\\node_modules\\\\firebase-functions\\\\lib\\\\v1\\\\index.js\"}}"}}
[debug] [2024-05-28T11:18:10.874Z] [runtime-status] [3768] Resolved module firebase-functions {"declared":true,"installed":true,"version":"5.0.1","resolution":"C:\\Users\\hp\\Desktop\\Evangadi\\phase 4\\Amazon Clone\\amazone-clone\\functions\\node_modules\\firebase-functions\\lib\\v1\\index.js"} {"metadata":{"emulator":{"name":"functions"},"function":{"name":"us-central1-api"},"extension":{},"message":"[runtime-status] [3768] Resolved module firebase-functions {\"declared\":true,\"installed\":true,\"version\":\"5.0.1\",\"resolution\":\"C:\\\\Users\\\\hp\\\\Desktop\\\\Evangadi\\\\phase 4\\\\Amazon Clone\\\\amazone-clone\\\\functions\\\\node_modules\\\\firebase-functions\\\\lib\\\\v1\\\\index.js\"}"}}
[debug] [2024-05-28T11:18:10.885Z] [runtime-status] [3768] Resolved module firebase-admin {"declared":true,"installed":true,"version":"12.1.1","resolution":"C:\\Users\\hp\\Desktop\\Evangadi\\phase 4\\Amazon Clone\\amazone-clone\\functions\\node_modules\\firebase-admin\\lib\\index.js"} {"metadata":{"emulator":{"name":"functions"},"function":{"name":"us-central1-api"},"extension":{},"message":"[runtime-status] [3768] Resolved module firebase-admin {\"declared\":true,\"installed\":true,\"version\":\"12.1.1\",\"resolution\":\"C:\\\\Users\\\\hp\\\\Desktop\\\\Evangadi\\\\phase 4\\\\Amazon Clone\\\\amazone-clone\\\\functions\\\\node_modules\\\\firebase-admin\\\\lib\\\\index.js\"}"}}
[debug] [2024-05-28T11:18:11.003Z] [runtime-status] [3768] Resolved module firebase-functions {"declared":true,"installed":true,"version":"5.0.1","resolution":"C:\\Users\\hp\\Desktop\\Evangadi\\phase 4\\Amazon Clone\\amazone-clone\\functions\\node_modules\\firebase-functions\\lib\\v1\\index.js"} {"metadata":{"emulator":{"name":"functions"},"function":{"name":"us-central1-api"},"extension":{},"message":"[runtime-status] [3768] Resolved module firebase-functions {\"declared\":true,\"installed\":true,\"version\":\"5.0.1\",\"resolution\":\"C:\\\\Users\\\\hp\\\\Desktop\\\\Evangadi\\\\phase 4\\\\Amazon Clone\\\\amazone-clone\\\\functions\\\\node_modules\\\\firebase-functions\\\\lib\\\\v1\\\\index.js\"}"}}
[debug] [2024-05-28T11:18:11.008Z] [runtime-status] [3768] firebase-admin has been stubbed. {"adminResolution":{"declared":true,"installed":true,"version":"12.1.1","resolution":"C:\\Users\\hp\\Desktop\\Evangadi\\phase 4\\Amazon Clone\\amazone-clone\\functions\\node_modules\\firebase-admin\\lib\\index.js"}} {"metadata":{"emulator":{"name":"functions"},"function":{"name":"us-central1-api"},"extension":{},"message":"[runtime-status] [3768] firebase-admin has been stubbed. {\"adminResolution\":{\"declared\":true,\"installed\":true,\"version\":\"12.1.1\",\"resolution\":\"C:\\\\Users\\\\hp\\\\Desktop\\\\Evangadi\\\\phase 4\\\\Amazon Clone\\\\amazone-clone\\\\functions\\\\node_modules\\\\firebase-admin\\\\lib\\\\index.js\"}}"}}
[debug] [2024-05-28T11:18:11.931Z] [runtime-status] [3768] Functions runtime initialized. {"cwd":"C:\\Users\\hp\\Desktop\\Evangadi\\phase 4\\Amazon Clone\\amazone-clone\\functions","node_version":"20.11.1"} {"metadata":{"emulator":{"name":"functions"},"function":{"name":"us-central1-api"},"extension":{},"message":"[runtime-status] [3768] Functions runtime initialized. {\"cwd\":\"C:\\\\Users\\\\hp\\\\Desktop\\\\Evangadi\\\\phase 4\\\\Amazon Clone\\\\amazone-clone\\\\functions\",\"node_version\":\"20.11.1\"}"}}
[debug] [2024-05-28T11:18:11.932Z] [runtime-status] [3768] Listening to port: \\?\pipe\fire_emu_1c1a5eb438723ac0 {"metadata":{"emulator":{"name":"functions"},"function":{"name":"us-central1-api"},"extension":{},"message":"[runtime-status] [3768] Listening to port: \\\\?\\pipe\\fire_emu_1c1a5eb438723ac0"}}
[debug] [2024-05-28T11:18:12.034Z] [worker-us-central1-api-fd6e3598-93fa-4a26-807e-b17bacacbb3d]: IDLE {"metadata":{"emulator":{"name":"functions"},"function":{"name":"us-central1-api"},"extension":{},"message":"[worker-us-central1-api-fd6e3598-93fa-4a26-807e-b17bacacbb3d]: IDLE"}}
[debug] [2024-05-28T11:18:12.035Z] [worker-pool] submitRequest(triggerId=us-central1-api) {"metadata":{"emulator":{"name":"functions"},"message":"[worker-pool] submitRequest(triggerId=us-central1-api)"}}
[info] i  functions: Beginning execution of "us-central1-api" {"metadata":{"emulator":{"name":"functions"},"function":{"name":"us-central1-api"},"extension":{},"message":"Beginning execution of \"us-central1-api\""}}
[debug] [2024-05-28T11:18:12.039Z] [worker-us-central1-api-fd6e3598-93fa-4a26-807e-b17bacacbb3d]: BUSY {"metadata":{"emulator":{"name":"functions"},"function":{"name":"us-central1-api"},"extension":{},"message":"[worker-us-central1-api-fd6e3598-93fa-4a26-807e-b17bacacbb3d]: BUSY"}}
[debug] [2024-05-28T11:18:13.972Z] Finishing up request with event=pause {"metadata":{"emulator":{"name":"functions"},"function":{"name":"us-central1-api"},"extension":{},"message":"Finishing up request with event=pause"}}
[info] i  functions: Finished "us-central1-api" in 1935.1291999999999ms {"metadata":{"emulator":{"name":"functions"},"function":{"name":"us-central1-api"},"extension":{},"message":"Finished \"us-central1-api\" in 1935.1291999999999ms"}}
[debug] [2024-05-28T11:18:13.993Z] [worker-us-central1-api-fd6e3598-93fa-4a26-807e-b17bacacbb3d]: IDLE {"metadata":{"emulator":{"name":"functions"},"function":{"name":"us-central1-api"},"extension":{},"message":"[worker-us-central1-api-fd6e3598-93fa-4a26-807e-b17bacacbb3d]: IDLE"}}
[debug] [2024-05-28T11:18:13.994Z] Finishing up request with event=finish {"metadata":{"emulator":{"name":"functions"},"function":{"name":"us-central1-api"},"extension":{},"message":"Finishing up request with event=finish"}}
[debug] [2024-05-28T11:18:13.996Z] Finishing up request with event=close {"metadata":{"emulator":{"name":"functions"},"function":{"name":"us-central1-api"},"extension":{},"message":"Finishing up request with event=close"}}
[debug] [2024-05-28T11:18:13.997Z] [work-queue] {"queuedWork":[],"queueLength":0,"runningWork":[],"workRunningCount":0}
[debug] [2024-05-28T16:28:07.214Z] ----------------------------------------------------------------------
[debug] [2024-05-28T16:28:07.221Z] Command:       C:\Program Files\nodejs\node.exe C:\Users\hp\AppData\Roaming\npm\node_modules\firebase-tools\lib\bin\firebase.js emulators:start --only functions
[debug] [2024-05-28T16:28:07.222Z] CLI Version:   13.10.1
[debug] [2024-05-28T16:28:07.222Z] Platform:      win32
[debug] [2024-05-28T16:28:07.223Z] Node Version:  v20.11.1
[debug] [2024-05-28T16:28:07.223Z] Time:          Tue May 28 2024 19:28:07 GMT+0300 (East Africa Time)
[debug] [2024-05-28T16:28:07.223Z] ----------------------------------------------------------------------
[debug] 
[debug] [2024-05-28T16:28:07.566Z] > command requires scopes: ["email","openid","https://www.googleapis.com/auth/cloudplatformprojects.readonly","https://www.googleapis.com/auth/firebase","https://www.googleapis.com/auth/cloud-platform"]
[debug] [2024-05-28T16:28:07.567Z] > authorizing via signed-in user (helinaaalemu@gmail.com)
[info] i  emulators: Starting emulators: functions {"metadata":{"emulator":{"name":"hub"},"message":"Starting emulators: functions"}}
[debug] [2024-05-28T16:28:07.590Z] [logging] Logging Emulator only supports listening on one address (127.0.0.1). Not listening on ::1
[debug] [2024-05-28T16:28:07.590Z] assigned listening specs for emulators {"user":{"hub":[{"address":"127.0.0.1","family":"IPv4","port":4400},{"address":"::1","family":"IPv6","port":4400}],"ui":[{"address":"127.0.0.1","family":"IPv4","port":4000},{"address":"::1","family":"IPv6","port":4000}],"logging":[{"address":"127.0.0.1","family":"IPv4","port":4500}]},"metadata":{"message":"assigned listening specs for emulators"}}
[warn] !  emulators: It seems that you are running multiple instances of the emulator suite for project clone-d14cc. This may result in unexpected behavior. 
[debug] [2024-05-28T16:28:07.603Z] [hub] writing locator at C:\Users\hp\AppData\Local\Temp\hub-clone-d14cc.json
[debug] [2024-05-28T16:28:07.699Z] [functions] Functions Emulator only supports listening on one address (127.0.0.1). Not listening on ::1
[debug] [2024-05-28T16:28:07.700Z] [eventarc] Eventarc Emulator only supports listening on one address (127.0.0.1). Not listening on ::1
[debug] [2024-05-28T16:28:07.700Z] late-assigned ports for functions and eventarc emulators {"user":{"hub":[{"address":"127.0.0.1","family":"IPv4","port":4400},{"address":"::1","family":"IPv6","port":4400}],"ui":[{"address":"127.0.0.1","family":"IPv4","port":4000},{"address":"::1","family":"IPv6","port":4000}],"logging":[{"address":"127.0.0.1","family":"IPv4","port":4500}],"functions":[{"address":"127.0.0.1","family":"IPv4","port":5001}],"eventarc":[{"address":"127.0.0.1","family":"IPv4","port":9299}]},"metadata":{"message":"late-assigned ports for functions and eventarc emulators"}}
[warn] !  functions: The following emulators are not running, calls to these services from the Functions emulator will affect production: auth, firestore, database, hosting, pubsub, storage, dataconnect {"metadata":{"emulator":{"name":"functions"},"message":"The following emulators are not running, calls to these services from the Functions emulator will affect production: \u001b[1mauth, firestore, database, hosting, pubsub, storage, dataconnect\u001b[22m"}}
[debug] [2024-05-28T16:28:07.712Z] defaultcredentials: writing to file C:\Users\hp\AppData\Roaming\firebase\helinaaalemu_gmail_com_application_default_credentials.json
[debug] [2024-05-28T16:28:07.717Z] Setting GAC to C:\Users\hp\AppData\Roaming\firebase\helinaaalemu_gmail_com_application_default_credentials.json {"metadata":{"emulator":{"name":"functions"},"message":"Setting GAC to C:\\Users\\hp\\AppData\\Roaming\\firebase\\helinaaalemu_gmail_com_application_default_credentials.json"}}
[debug] [2024-05-28T16:28:07.719Z] > refreshing access token with scopes: []
[debug] [2024-05-28T16:28:07.721Z] >>> [apiv2][query] POST https://www.googleapis.com/oauth2/v3/token [none]
[debug] [2024-05-28T16:28:07.722Z] >>> [apiv2][body] POST https://www.googleapis.com/oauth2/v3/token [omitted]
[debug] [2024-05-28T16:28:08.513Z] <<< [apiv2][status] POST https://www.googleapis.com/oauth2/v3/token 200
[debug] [2024-05-28T16:28:08.514Z] <<< [apiv2][body] POST https://www.googleapis.com/oauth2/v3/token [omitted]
[debug] [2024-05-28T16:28:08.598Z] >>> [apiv2][query] GET https://firebase.googleapis.com/v1beta1/projects/clone-d14cc/adminSdkConfig [none]
[debug] [2024-05-28T16:28:09.726Z] <<< [apiv2][status] GET https://firebase.googleapis.com/v1beta1/projects/clone-d14cc/adminSdkConfig 200
[debug] [2024-05-28T16:28:09.727Z] <<< [apiv2][body] GET https://firebase.googleapis.com/v1beta1/projects/clone-d14cc/adminSdkConfig {"projectId":"clone-d14cc","storageBucket":"clone-d14cc.appspot.com"}
[debug] [2024-05-28T16:28:09.881Z] Ignoring unsupported arg: auto_download {"metadata":{"emulator":{"name":"ui"},"message":"Ignoring unsupported arg: auto_download"}}
[debug] [2024-05-28T16:28:09.882Z] Ignoring unsupported arg: port {"metadata":{"emulator":{"name":"ui"},"message":"Ignoring unsupported arg: port"}}
[debug] [2024-05-28T16:28:09.882Z] Starting Emulator UI with command {"binary":"node","args":["C:\\Users\\hp\\.cache\\firebase\\emulators\\ui-v1.12.1\\server\\server.mjs"],"optionalArgs":[],"joinArgs":false,"shell":false} {"metadata":{"emulator":{"name":"ui"},"message":"Starting Emulator UI with command {\"binary\":\"node\",\"args\":[\"C:\\\\Users\\\\hp\\\\.cache\\\\firebase\\\\emulators\\\\ui-v1.12.1\\\\server\\\\server.mjs\"],\"optionalArgs\":[],\"joinArgs\":false,\"shell\":false}"}}
[info] i  ui: Emulator UI logging to ui-debug.log {"metadata":{"emulator":{"name":"ui"},"message":"Emulator UI logging to \u001b[1mui-debug.log\u001b[22m"}}
[debug] [2024-05-28T16:28:10.342Z] Web / API server started at 127.0.0.1:4000
 {"metadata":{"emulator":{"name":"ui"},"message":"Web / API server started at 127.0.0.1:4000\n"}}
[debug] [2024-05-28T16:28:10.343Z] Web / API server started at ::1:4000
 {"metadata":{"emulator":{"name":"ui"},"message":"Web / API server started at ::1:4000\n"}}
[info] i  functions: Watching "C:\Users\hp\Desktop\Evangadi\phase 4\Amazon Clone\amazone-clone\functions" for Cloud Functions... {"metadata":{"emulator":{"name":"functions"},"message":"Watching \"C:\\Users\\hp\\Desktop\\Evangadi\\phase 4\\Amazon Clone\\amazone-clone\\functions\" for Cloud Functions..."}}
[debug] [2024-05-28T16:28:10.576Z] Validating nodejs source
[debug] [2024-05-28T16:28:14.542Z] > [functions] package.json contents: {
  "name": "functions",
  "description": "Cloud Functions for Firebase",
  "scripts": {
    "serve": "firebase emulators:start --only functions",
    "shell": "firebase functions:shell",
    "start": "npm run shell",
    "deploy": "firebase deploy --only functions",
    "logs": "firebase functions:log"
  },
  "engines": {
    "node": "18"
  },
  "main": "index.js",
  "dependencies": {
    "cors": "^2.8.5",
    "dotenv": "^16.4.5",
    "express": "^4.19.2",
    "firebase-admin": "^12.1.0",
    "firebase-functions": "^5.0.0",
    "stripe": "^15.8.0"
  },
  "devDependencies": {
    "firebase-functions-test": "^3.1.0"
  },
  "private": true
}
[debug] [2024-05-28T16:28:14.543Z] Building nodejs source
[debug] [2024-05-28T16:28:14.544Z] Failed to find version of module node: reached end of search path C:\Users\hp\Desktop\Evangadi\phase 4\Amazon Clone\amazone-clone\functions\node_modules
[warn] !  functions: Your requested "node" version "18" doesn't match your global version "20". Using node@20 from host. 
[info] i  functions: Loaded environment variables from .env. 
[debug] [2024-05-28T16:28:14.559Z] Could not find functions.yaml. Must use http discovery
[debug] [2024-05-28T16:28:14.596Z] Found firebase-functions binary at 'C:\Users\hp\Desktop\Evangadi\phase 4\Amazon Clone\amazone-clone\functions\node_modules\.bin\firebase-functions'
[info] Serving at port 8584

[debug] [2024-05-28T16:28:19.586Z] Got response from /__/functions.yaml {"endpoints":{"api":{"availableMemoryMb":null,"timeoutSeconds":null,"minInstances":null,"maxInstances":null,"ingressSettings":null,"concurrency":null,"serviceAccountEmail":null,"vpc":null,"platform":"gcfv2","labels":{},"httpsTrigger":{},"entryPoint":"api"}},"specVersion":"v1alpha1","requiredAPIs":[]}
[info] +  functions: Loaded functions definitions from source: api. {"metadata":{"emulator":{"name":"functions"},"message":"Loaded functions definitions from source: api."}}
[info] +  functions[us-central1-api]: http function initialized (http://127.0.0.1:5001/clone-d14cc/us-central1/api). {"metadata":{"emulator":{"name":"functions"},"message":"\u001b[1mhttp\u001b[22m function initialized (http://127.0.0.1:5001/clone-d14cc/us-central1/api)."}}
[info] 
┌─────────────────────────────────────────────────────────────┐
│ ✔  All emulators ready! It is now safe to connect your app. │
│ i  View Emulator UI at http://127.0.0.1:4000/               │
└─────────────────────────────────────────────────────────────┘

┌───────────┬────────────────┬─────────────────────────────────┐
│ Emulator  │ Host:Port      │ View in Emulator UI             │
├───────────┼────────────────┼─────────────────────────────────┤
│ Functions │ 127.0.0.1:5001 │ http://127.0.0.1:4000/functions │
└───────────┴────────────────┴─────────────────────────────────┘
  Emulator Hub running at 127.0.0.1:4400
  Other reserved ports: 4500

Issues? Report them at https://github.com/firebase/firebase-tools/issues and attach the *-debug.log files.
 
